This file contains any messages produced by compilers while
running configure, to aid debugging if configure makes a mistake.

It was created by dvbsnoop configure 1.4.50, which was
generated by GNU Autoconf 2.59.  Invocation command line was

  $ ./configure --exec-prefix=/opt/cross/x-tools/arm-unknown-linux-gnueabi/ --prefix=/home/invidi/arm

## --------- ##
## Platform. ##
## --------- ##

hostname = ItUbuntuTest
uname -m = x86_64
uname -r = 3.13.0-24-generic
uname -s = Linux
uname -v = #47-Ubuntu SMP Fri May 2 23:30:00 UTC 2014

/usr/bin/uname -p = unknown
/bin/uname -X     = unknown

/bin/arch              = unknown
/usr/bin/arch -k       = unknown
/usr/convex/getsysinfo = unknown
hostinfo               = unknown
/bin/machine           = unknown
/usr/bin/oslevel       = unknown
/bin/universe          = unknown

PATH: /usr/local/bin
PATH: /usr/bin
PATH: /bin
PATH: /usr/local/games
PATH: /usr/games
PATH: /opt/cross/bin
PATH: /opt/cross/x-tools/arm-unknown-linux-gnueabi/bin


## ----------- ##
## Core tests. ##
## ----------- ##

configure:1351: checking for a BSD-compatible install
configure:1406: result: /usr/bin/install -c
configure:1417: checking whether build environment is sane
configure:1460: result: yes
configure:1517: checking for gawk
configure:1533: found /usr/bin/gawk
configure:1543: result: gawk
configure:1553: checking whether make sets $(MAKE)
configure:1573: result: yes
configure:1775: checking for gcc
configure:1791: found /usr/bin/gcc
configure:1801: result: gcc
configure:2045: checking for C compiler version
configure:2048: gcc --version </dev/null >&5
gcc (Ubuntu 4.8.2-19ubuntu1) 4.8.2
Copyright (C) 2013 Free Software Foundation, Inc.
This is free software; see the source for copying conditions.  There is NO
warranty; not even for MERCHANTABILITY or FITNESS FOR A PARTICULAR PURPOSE.

configure:2051: $? = 0
configure:2053: gcc -v </dev/null >&5
Using built-in specs.
COLLECT_GCC=gcc
COLLECT_LTO_WRAPPER=/usr/lib/gcc/x86_64-linux-gnu/4.8/lto-wrapper
Target: x86_64-linux-gnu
Configured with: ../src/configure -v --with-pkgversion='Ubuntu 4.8.2-19ubuntu1' --with-bugurl=file:///usr/share/doc/gcc-4.8/README.Bugs --enable-languages=c,c++,java,go,d,fortran,objc,obj-c++ --prefix=/usr --program-suffix=-4.8 --enable-shared --enable-linker-build-id --libexecdir=/usr/lib --without-included-gettext --enable-threads=posix --with-gxx-include-dir=/usr/include/c++/4.8 --libdir=/usr/lib --enable-nls --with-sysroot=/ --enable-clocale=gnu --enable-libstdcxx-debug --enable-libstdcxx-time=yes --enable-gnu-unique-object --disable-libmudflap --enable-plugin --with-system-zlib --disable-browser-plugin --enable-java-awt=gtk --enable-gtk-cairo --with-java-home=/usr/lib/jvm/java-1.5.0-gcj-4.8-amd64/jre --enable-java-home --with-jvm-root-dir=/usr/lib/jvm/java-1.5.0-gcj-4.8-amd64 --with-jvm-jar-dir=/usr/lib/jvm-exports/java-1.5.0-gcj-4.8-amd64 --with-arch-directory=amd64 --with-ecj-jar=/usr/share/java/eclipse-ecj.jar --enable-objc-gc --enable-multiarch --disable-werror --with-arch-32=i686 --with-abi=m64 --with-multilib-list=m32,m64,mx32 --with-tune=generic --enable-checking=release --build=x86_64-linux-gnu --host=x86_64-linux-gnu --target=x86_64-linux-gnu
Thread model: posix
gcc version 4.8.2 (Ubuntu 4.8.2-19ubuntu1) 
configure:2056: $? = 0
configure:2058: gcc -V </dev/null >&5
gcc: error: unrecognized command line option '-V'
gcc: fatal error: no input files
compilation terminated.
configure:2061: $? = 4
configure:2084: checking for C compiler default output file name
configure:2087: gcc    conftest.c  >&5
configure:2090: $? = 0
configure:2136: result: a.out
configure:2141: checking whether the C compiler works
configure:2147: ./a.out
configure:2150: $? = 0
configure:2167: result: yes
configure:2174: checking whether we are cross compiling
configure:2176: result: no
configure:2179: checking for suffix of executables
configure:2181: gcc -o conftest    conftest.c  >&5
configure:2184: $? = 0
configure:2209: result: 
configure:2215: checking for suffix of object files
configure:2236: gcc -c   conftest.c >&5
configure:2239: $? = 0
configure:2261: result: o
configure:2265: checking whether we are using the GNU C compiler
configure:2289: gcc -c   conftest.c >&5
configure:2295: $? = 0
configure:2299: test -z 
			 || test ! -s conftest.err
configure:2302: $? = 0
configure:2305: test -s conftest.o
configure:2308: $? = 0
configure:2321: result: yes
configure:2327: checking whether gcc accepts -g
configure:2348: gcc -c -g  conftest.c >&5
configure:2354: $? = 0
configure:2358: test -z 
			 || test ! -s conftest.err
configure:2361: $? = 0
configure:2364: test -s conftest.o
configure:2367: $? = 0
configure:2378: result: yes
configure:2395: checking for gcc option to accept ANSI C
configure:2465: gcc  -c -g -O2  conftest.c >&5
configure:2471: $? = 0
configure:2475: test -z 
			 || test ! -s conftest.err
configure:2478: $? = 0
configure:2481: test -s conftest.o
configure:2484: $? = 0
configure:2502: result: none needed
configure:2520: gcc -c -g -O2  conftest.c >&5
conftest.c:2:3: error: unknown type name 'choke'
   choke me
   ^
conftest.c:2:3: error: expected '=', ',', ';', 'asm' or '__attribute__' at end of input
configure:2526: $? = 1
configure: failed program was:
| #ifndef __cplusplus
|   choke me
| #endif
configure:2670: checking for style of include used by make
configure:2698: result: GNU
configure:2726: checking dependency style of gcc
configure:2811: result: none
configure:2869: checking for ranlib
configure:2885: found /usr/bin/ranlib
configure:2896: result: ranlib
configure:2915: checking how to run the C preprocessor
configure:2950: gcc -E  conftest.c
configure:2956: $? = 0
configure:2988: gcc -E  conftest.c
conftest.c:9:28: fatal error: ac_nonexistent.h: No such file or directory
 #include <ac_nonexistent.h>
                            ^
compilation terminated.
configure:2994: $? = 1
configure: failed program was:
| /* confdefs.h.  */
| 
| #define PACKAGE_NAME "dvbsnoop"
| #define PACKAGE_TARNAME "dvbsnoop"
| #define PACKAGE_VERSION "1.4.50"
| #define PACKAGE_STRING "dvbsnoop 1.4.50"
| #define PACKAGE_BUGREPORT "rasc@users.sourceforge.net"
| /* end confdefs.h.  */
| #include <ac_nonexistent.h>
configure:3033: result: gcc -E
configure:3057: gcc -E  conftest.c
configure:3063: $? = 0
configure:3095: gcc -E  conftest.c
conftest.c:9:28: fatal error: ac_nonexistent.h: No such file or directory
 #include <ac_nonexistent.h>
                            ^
compilation terminated.
configure:3101: $? = 1
configure: failed program was:
| /* confdefs.h.  */
| 
| #define PACKAGE_NAME "dvbsnoop"
| #define PACKAGE_TARNAME "dvbsnoop"
| #define PACKAGE_VERSION "1.4.50"
| #define PACKAGE_STRING "dvbsnoop 1.4.50"
| #define PACKAGE_BUGREPORT "rasc@users.sourceforge.net"
| /* end confdefs.h.  */
| #include <ac_nonexistent.h>
configure:3145: checking for egrep
configure:3155: result: grep -E
configure:3160: checking for ANSI C header files
configure:3185: gcc -c -g -O2  conftest.c >&5
configure:3191: $? = 0
configure:3195: test -z 
			 || test ! -s conftest.err
configure:3198: $? = 0
configure:3201: test -s conftest.o
configure:3204: $? = 0
configure:3293: gcc -o conftest -g -O2   conftest.c  >&5
conftest.c: In function 'main':
conftest.c:26:7: warning: incompatible implicit declaration of built-in function 'exit' [enabled by default]
       exit(2);
       ^
configure:3296: $? = 0
configure:3298: ./conftest
configure:3301: $? = 0
configure:3316: result: yes
configure:3340: checking for sys/types.h
configure:3356: gcc -c -g -O2  conftest.c >&5
configure:3362: $? = 0
configure:3366: test -z 
			 || test ! -s conftest.err
configure:3369: $? = 0
configure:3372: test -s conftest.o
configure:3375: $? = 0
configure:3386: result: yes
configure:3340: checking for sys/stat.h
configure:3356: gcc -c -g -O2  conftest.c >&5
configure:3362: $? = 0
configure:3366: test -z 
			 || test ! -s conftest.err
configure:3369: $? = 0
configure:3372: test -s conftest.o
configure:3375: $? = 0
configure:3386: result: yes
configure:3340: checking for stdlib.h
configure:3356: gcc -c -g -O2  conftest.c >&5
configure:3362: $? = 0
configure:3366: test -z 
			 || test ! -s conftest.err
configure:3369: $? = 0
configure:3372: test -s conftest.o
configure:3375: $? = 0
configure:3386: result: yes
configure:3340: checking for string.h
configure:3356: gcc -c -g -O2  conftest.c >&5
configure:3362: $? = 0
configure:3366: test -z 
			 || test ! -s conftest.err
configure:3369: $? = 0
configure:3372: test -s conftest.o
configure:3375: $? = 0
configure:3386: result: yes
configure:3340: checking for memory.h
configure:3356: gcc -c -g -O2  conftest.c >&5
configure:3362: $? = 0
configure:3366: test -z 
			 || test ! -s conftest.err
configure:3369: $? = 0
configure:3372: test -s conftest.o
configure:3375: $? = 0
configure:3386: result: yes
configure:3340: checking for strings.h
configure:3356: gcc -c -g -O2  conftest.c >&5
configure:3362: $? = 0
configure:3366: test -z 
			 || test ! -s conftest.err
configure:3369: $? = 0
configure:3372: test -s conftest.o
configure:3375: $? = 0
configure:3386: result: yes
configure:3340: checking for inttypes.h
configure:3356: gcc -c -g -O2  conftest.c >&5
configure:3362: $? = 0
configure:3366: test -z 
			 || test ! -s conftest.err
configure:3369: $? = 0
configure:3372: test -s conftest.o
configure:3375: $? = 0
configure:3386: result: yes
configure:3340: checking for stdint.h
configure:3356: gcc -c -g -O2  conftest.c >&5
configure:3362: $? = 0
configure:3366: test -z 
			 || test ! -s conftest.err
configure:3369: $? = 0
configure:3372: test -s conftest.o
configure:3375: $? = 0
configure:3386: result: yes
configure:3340: checking for unistd.h
configure:3356: gcc -c -g -O2  conftest.c >&5
configure:3362: $? = 0
configure:3366: test -z 
			 || test ! -s conftest.err
configure:3369: $? = 0
configure:3372: test -s conftest.o
configure:3375: $? = 0
configure:3386: result: yes
configure:3408: checking linux/dvb/dmx.h usability
configure:3420: gcc -c -g -O2  conftest.c >&5
configure:3426: $? = 0
configure:3430: test -z 
			 || test ! -s conftest.err
configure:3433: $? = 0
configure:3436: test -s conftest.o
configure:3439: $? = 0
configure:3449: result: yes
configure:3453: checking linux/dvb/dmx.h presence
configure:3463: gcc -E  conftest.c
configure:3469: $? = 0
configure:3489: result: yes
configure:3524: checking for linux/dvb/dmx.h
configure:3531: result: yes
configure:3547: checking ost/dmx.h usability
configure:3559: gcc -c -g -O2  conftest.c >&5
conftest.c:53:21: fatal error: ost/dmx.h: No such file or directory
 #include <ost/dmx.h>
                     ^
compilation terminated.
configure:3565: $? = 1
configure: failed program was:
| /* confdefs.h.  */
| 
| #define PACKAGE_NAME "dvbsnoop"
| #define PACKAGE_TARNAME "dvbsnoop"
| #define PACKAGE_VERSION "1.4.50"
| #define PACKAGE_STRING "dvbsnoop 1.4.50"
| #define PACKAGE_BUGREPORT "rasc@users.sourceforge.net"
| #define STDC_HEADERS 1
| #define HAVE_SYS_TYPES_H 1
| #define HAVE_SYS_STAT_H 1
| #define HAVE_STDLIB_H 1
| #define HAVE_STRING_H 1
| #define HAVE_MEMORY_H 1
| #define HAVE_STRINGS_H 1
| #define HAVE_INTTYPES_H 1
| #define HAVE_STDINT_H 1
| #define HAVE_UNISTD_H 1
| /* end confdefs.h.  */
| #include <stdio.h>
| #if HAVE_SYS_TYPES_H
| # include <sys/types.h>
| #endif
| #if HAVE_SYS_STAT_H
| # include <sys/stat.h>
| #endif
| #if STDC_HEADERS
| # include <stdlib.h>
| # include <stddef.h>
| #else
| # if HAVE_STDLIB_H
| #  include <stdlib.h>
| # endif
| #endif
| #if HAVE_STRING_H
| # if !STDC_HEADERS && HAVE_MEMORY_H
| #  include <memory.h>
| # endif
| # include <string.h>
| #endif
| #if HAVE_STRINGS_H
| # include <strings.h>
| #endif
| #if HAVE_INTTYPES_H
| # include <inttypes.h>
| #else
| # if HAVE_STDINT_H
| #  include <stdint.h>
| # endif
| #endif
| #if HAVE_UNISTD_H
| # include <unistd.h>
| #endif
| #include <ost/dmx.h>
configure:3588: result: no
configure:3592: checking ost/dmx.h presence
configure:3602: gcc -E  conftest.c
conftest.c:19:21: fatal error: ost/dmx.h: No such file or directory
 #include <ost/dmx.h>
                     ^
compilation terminated.
configure:3608: $? = 1
configure: failed program was:
| /* confdefs.h.  */
| 
| #define PACKAGE_NAME "dvbsnoop"
| #define PACKAGE_TARNAME "dvbsnoop"
| #define PACKAGE_VERSION "1.4.50"
| #define PACKAGE_STRING "dvbsnoop 1.4.50"
| #define PACKAGE_BUGREPORT "rasc@users.sourceforge.net"
| #define STDC_HEADERS 1
| #define HAVE_SYS_TYPES_H 1
| #define HAVE_SYS_STAT_H 1
| #define HAVE_STDLIB_H 1
| #define HAVE_STRING_H 1
| #define HAVE_MEMORY_H 1
| #define HAVE_STRINGS_H 1
| #define HAVE_INTTYPES_H 1
| #define HAVE_STDINT_H 1
| #define HAVE_UNISTD_H 1
| /* end confdefs.h.  */
| #include <ost/dmx.h>
configure:3628: result: no
configure:3663: checking for ost/dmx.h
configure:3670: result: no
configure:3834: creating ./config.status

## ---------------------- ##
## Running config.status. ##
## ---------------------- ##

This file was extended by dvbsnoop config.status 1.4.50, which was
generated by GNU Autoconf 2.59.  Invocation command line was

  CONFIG_FILES    = 
  CONFIG_HEADERS  = 
  CONFIG_LINKS    = 
  CONFIG_COMMANDS = 
  $ ./config.status 

on ItUbuntuTest

config.status:697: creating Makefile
config.status:697: creating src/Makefile
config.status:697: creating src/datacarousel/Makefile
config.status:697: creating src/descriptors/Makefile
config.status:697: creating src/dvb_api/Makefile
config.status:697: creating src/ebu/Makefile
config.status:697: creating src/misc/Makefile
config.status:697: creating src/pes/Makefile
config.status:697: creating src/sections/Makefile
config.status:697: creating src/strings/Makefile
config.status:697: creating src/testdata/Makefile
config.status:697: creating src/ts/Makefile
config.status:697: creating src/tvanytime/Makefile
config.status:697: creating src/private/Makefile
config.status:697: creating src/private/default/Makefile
config.status:697: creating src/private/premiere.de/Makefile
config.status:697: creating src/net_ip/Makefile
config.status:880: executing depfiles commands

## ---------------- ##
## Cache variables. ##
## ---------------- ##

ac_cv_c_compiler_gnu=yes
ac_cv_env_CC_set=
ac_cv_env_CC_value=
ac_cv_env_CFLAGS_set=
ac_cv_env_CFLAGS_value=
ac_cv_env_CPPFLAGS_set=
ac_cv_env_CPPFLAGS_value=
ac_cv_env_CPP_set=
ac_cv_env_CPP_value=
ac_cv_env_LDFLAGS_set=
ac_cv_env_LDFLAGS_value=
ac_cv_env_build_alias_set=
ac_cv_env_build_alias_value=
ac_cv_env_host_alias_set=
ac_cv_env_host_alias_value=
ac_cv_env_target_alias_set=
ac_cv_env_target_alias_value=
ac_cv_exeext=
ac_cv_header_inttypes_h=yes
ac_cv_header_linux_dvb_dmx_h=yes
ac_cv_header_memory_h=yes
ac_cv_header_ost_dmx_h=no
ac_cv_header_stdc=yes
ac_cv_header_stdint_h=yes
ac_cv_header_stdlib_h=yes
ac_cv_header_string_h=yes
ac_cv_header_strings_h=yes
ac_cv_header_sys_stat_h=yes
ac_cv_header_sys_types_h=yes
ac_cv_header_unistd_h=yes
ac_cv_objext=o
ac_cv_path_install='/usr/bin/install -c'
ac_cv_prog_AWK=gawk
ac_cv_prog_CPP='gcc -E'
ac_cv_prog_ac_ct_CC=gcc
ac_cv_prog_ac_ct_RANLIB=ranlib
ac_cv_prog_cc_g=yes
ac_cv_prog_cc_stdc=
ac_cv_prog_egrep='grep -E'
ac_cv_prog_make_make_set=yes
am_cv_CC_dependencies_compiler_type=none

## ----------------- ##
## Output variables. ##
## ----------------- ##

ACLOCAL='${SHELL} /home/invidi/dvbsnoop-1.4.50/missing --run aclocal-1.8'
AMDEPBACKSLASH='\'
AMDEP_FALSE='#'
AMDEP_TRUE=''
AMTAR='${SHELL} /home/invidi/dvbsnoop-1.4.50/missing --run tar'
AUTOCONF='${SHELL} /home/invidi/dvbsnoop-1.4.50/missing --run autoconf'
AUTOHEADER='${SHELL} /home/invidi/dvbsnoop-1.4.50/missing --run autoheader'
AUTOMAKE='${SHELL} /home/invidi/dvbsnoop-1.4.50/missing --run automake-1.8'
AWK='gawk'
CC='gcc'
CCDEPMODE='depmode=none'
CFLAGS='-g -O2'
CPP='gcc -E'
CPPFLAGS=''
CYGPATH_W='echo'
DEFS='-DPACKAGE_NAME=\"dvbsnoop\" -DPACKAGE_TARNAME=\"dvbsnoop\" -DPACKAGE_VERSION=\"1.4.50\" -DPACKAGE_STRING=\"dvbsnoop\ 1.4.50\" -DPACKAGE_BUGREPORT=\"rasc@users.sourceforge.net\" -DSTDC_HEADERS=1 -DHAVE_SYS_TYPES_H=1 -DHAVE_SYS_STAT_H=1 -DHAVE_STDLIB_H=1 -DHAVE_STRING_H=1 -DHAVE_MEMORY_H=1 -DHAVE_STRINGS_H=1 -DHAVE_INTTYPES_H=1 -DHAVE_STDINT_H=1 -DHAVE_UNISTD_H=1 -DHAVE_LINUX_DVB_DMX_H=1 '
DEPDIR='.deps'
ECHO_C=''
ECHO_N='-n'
ECHO_T=''
EGREP='grep -E'
EXEEXT=''
INSTALL_DATA='${INSTALL} -m 644'
INSTALL_PROGRAM='${INSTALL}'
INSTALL_SCRIPT='${INSTALL}'
INSTALL_STRIP_PROGRAM='${SHELL} $(install_sh) -c -s'
LDFLAGS=''
LIBOBJS=''
LIBS=''
LTLIBOBJS=''
MAKEINFO='${SHELL} /home/invidi/dvbsnoop-1.4.50/missing --run makeinfo'
OBJEXT='o'
PACKAGE='dvbsnoop'
PACKAGE_BUGREPORT='rasc@users.sourceforge.net'
PACKAGE_NAME='dvbsnoop'
PACKAGE_STRING='dvbsnoop 1.4.50'
PACKAGE_TARNAME='dvbsnoop'
PACKAGE_VERSION='1.4.50'
PATH_SEPARATOR=':'
RANLIB='ranlib'
SET_MAKE=''
SHELL='/bin/bash'
STRIP=''
VERSION='1.4.50'
ac_ct_CC='gcc'
ac_ct_RANLIB='ranlib'
ac_ct_STRIP=''
am__fastdepCC_FALSE=''
am__fastdepCC_TRUE='#'
am__include='include'
am__leading_dot='.'
am__quote=''
bindir='${exec_prefix}/bin'
build_alias=''
datadir='${prefix}/share'
exec_prefix='/opt/cross/x-tools/arm-unknown-linux-gnueabi/'
host_alias=''
includedir='${prefix}/include'
infodir='${prefix}/info'
install_sh='/home/invidi/dvbsnoop-1.4.50/install-sh'
libdir='${exec_prefix}/lib'
libexecdir='${exec_prefix}/libexec'
localstatedir='${prefix}/var'
mandir='${prefix}/man'
mkdir_p='mkdir -p -- .'
oldincludedir='/usr/include'
prefix='/home/invidi/arm'
program_transform_name='s,x,x,'
sbindir='${exec_prefix}/sbin'
sharedstatedir='${prefix}/com'
sysconfdir='${prefix}/etc'
target_alias=''

## ----------- ##
## confdefs.h. ##
## ----------- ##

#define HAVE_INTTYPES_H 1
#define HAVE_LINUX_DVB_DMX_H 1
#define HAVE_MEMORY_H 1
#define HAVE_STDINT_H 1
#define HAVE_STDLIB_H 1
#define HAVE_STRINGS_H 1
#define HAVE_STRING_H 1
#define HAVE_SYS_STAT_H 1
#define HAVE_SYS_TYPES_H 1
#define HAVE_UNISTD_H 1
#define PACKAGE_BUGREPORT "rasc@users.sourceforge.net"
#define PACKAGE_NAME "dvbsnoop"
#define PACKAGE_STRING "dvbsnoop 1.4.50"
#define PACKAGE_TARNAME "dvbsnoop"
#define PACKAGE_VERSION "1.4.50"
#define STDC_HEADERS 1

configure: exit 0

## ---------------------- ##
## Running config.status. ##
## ---------------------- ##

This file was extended by dvbsnoop config.status 1.4.50, which was
generated by GNU Autoconf 2.59.  Invocation command line was

  CONFIG_FILES    = 
  CONFIG_HEADERS  = 
  CONFIG_LINKS    = 
  CONFIG_COMMANDS = 
  $ ./config.status 

on ItUbuntuTest

config.status:697: creating Makefile
config.status:697: creating src/Makefile
config.status:697: creating src/datacarousel/Makefile
config.status:697: creating src/descriptors/Makefile
config.status:697: creating src/dvb_api/Makefile
config.status:697: creating src/ebu/Makefile
config.status:697: creating src/misc/Makefile
config.status:697: creating src/pes/Makefile
config.status:697: creating src/sections/Makefile
config.status:697: creating src/strings/Makefile
config.status:697: creating src/testdata/Makefile
config.status:697: creating src/ts/Makefile
config.status:697: creating src/tvanytime/Makefile
config.status:697: creating src/private/Makefile
config.status:697: creating src/private/default/Makefile
config.status:697: creating src/private/premiere.de/Makefile
config.status:697: creating src/net_ip/Makefile
config.status:880: executing depfiles commands
